[debug] [2026-05-22T15:00:04.371Z] ----------------------------------------------------------------------
[debug] [2026-05-22T15:00:04.372Z] Command:       /Users/nishantpaul/.nvm/versions/node/v24.10.0/bin/node /Users/nishantpaul/.nvm/versions/node/v24.10.0/bin/firebase init hosting
[debug] [2026-05-22T15:00:04.372Z] CLI Version:   15.18.0
[debug] [2026-05-22T15:00:04.372Z] Platform:      darwin
[debug] [2026-05-22T15:00:04.372Z] Node Version:  v24.10.0
[debug] [2026-05-22T15:00:04.372Z] Time:          Fri May 22 2026 20:30:04 GMT+0530 (India Standard Time)
[debug] [2026-05-22T15:00:04.372Z] ----------------------------------------------------------------------
[debug] 
[info] 
     ######## #### ########  ######## ########     ###     ######  ########
     ##        ##  ##     ## ##       ##     ##  ##   ##  ##       ##
     ######    ##  ########  ######   ########  #########  ######  ######
     ##        ##  ##    ##  ##       ##     ## ##     ##       ## ##
     ##       #### ##     ## ######## ########  ##     ##  ######  ########

You're about to initialize a Firebase project in this directory:

  /Users/nishantpaul/Downloads/paulenggworks-consultancy

[info] 
=== Project Setup
[info] 
[info] First, let's associate this project directory with a Firebase project.
[info] You can create multiple project aliases by running firebase use --add, 
[info] 
[debug] [2026-05-22T15:00:05.592Z] > command requires scopes: ["email","openid","https://www.googleapis.com/auth/cloudplatformprojects.readonly","https://www.googleapis.com/auth/firebase","https://www.googleapis.com/auth/cloud-platform"]
[debug] [2026-05-22T15:00:05.593Z] > authorizing via signed-in user (nishant5800@gmail.com)
[debug] [2026-05-22T15:00:05.594Z] Checked if tokens are valid: true, expires at: 1779465554213
[debug] [2026-05-22T15:00:05.594Z] Checked if tokens are valid: true, expires at: 1779465554213
[debug] [2026-05-22T15:00:05.595Z] >>> [apiv2][query] GET https://firebase.googleapis.com/v1beta1/projects pageSize=100
[debug] [2026-05-22T15:00:06.374Z] <<< [apiv2][status] GET https://firebase.googleapis.com/v1beta1/projects 200
[debug] [2026-05-22T15:00:06.374Z] <<< [apiv2][body] GET https://firebase.googleapis.com/v1beta1/projects [omitted]
[info] 
=== Hosting Setup
[info] 
[info] 
=== App Hosting Setup
[debug] [2026-05-22T15:01:20.909Z] Checked if tokens are valid: true, expires at: 1779465554213
[debug] [2026-05-22T15:01:20.910Z] Checked if tokens are valid: true, expires at: 1779465554213
[debug] [2026-05-22T15:01:20.910Z] >>> [apiv2][query] GET https://cloudbilling.googleapis.com/v1/projects/pew-01-a9033/billingInfo [none]
[debug] [2026-05-22T15:01:22.388Z] <<< [apiv2][status] GET https://cloudbilling.googleapis.com/v1/projects/pew-01-a9033/billingInfo 200
[debug] [2026-05-22T15:01:22.389Z] <<< [apiv2][body] GET https://cloudbilling.googleapis.com/v1/projects/pew-01-a9033/billingInfo {"name":"projects/pew-01-a9033/billingInfo","projectId":"pew-01-a9033","billingAccountName":"billingAccounts/01E25A-8E6AFB-512906","billingEnabled":true}
[debug] [2026-05-22T15:01:22.390Z] Checked if tokens are valid: true, expires at: 1779465554213
[debug] [2026-05-22T15:01:22.391Z] Checked if tokens are valid: true, expires at: 1779465554213
[debug] [2026-05-22T15:01:22.391Z] >>> [apiv2][query] GET https://serviceusage.googleapis.com/v1/projects/pew-01-a9033/services/firebaseapphosting.googleapis.com [none]
[debug] [2026-05-22T15:01:22.391Z] >>> [apiv2][(partial)header] GET https://serviceusage.googleapis.com/v1/projects/pew-01-a9033/services/firebaseapphosting.googleapis.com  x-goog-user-project=pew-01-a9033
[debug] [2026-05-22T15:01:24.114Z] <<< [apiv2][status] GET https://serviceusage.googleapis.com/v1/projects/pew-01-a9033/services/firebaseapphosting.googleapis.com 200
[debug] [2026-05-22T15:01:24.114Z] <<< [apiv2][body] GET https://serviceusage.googleapis.com/v1/projects/pew-01-a9033/services/firebaseapphosting.googleapis.com [omitted]
[debug] [2026-05-22T15:01:24.114Z] Checked if tokens are valid: true, expires at: 1779465554213
[debug] [2026-05-22T15:01:24.114Z] Checked if tokens are valid: true, expires at: 1779465554213
[debug] [2026-05-22T15:01:24.114Z] >>> [apiv2][query] POST https://serviceusage.googleapis.com/v1/projects/pew-01-a9033/services/firebaseapphosting.googleapis.com:enable [none]
[debug] [2026-05-22T15:01:24.114Z] >>> [apiv2][(partial)header] POST https://serviceusage.googleapis.com/v1/projects/pew-01-a9033/services/firebaseapphosting.googleapis.com:enable  x-goog-user-project=pew-01-a9033
[debug] [2026-05-22T15:01:25.892Z] <<< [apiv2][status] POST https://serviceusage.googleapis.com/v1/projects/pew-01-a9033/services/firebaseapphosting.googleapis.com:enable 200
[debug] [2026-05-22T15:01:25.892Z] <<< [apiv2][body] POST https://serviceusage.googleapis.com/v1/projects/pew-01-a9033/services/firebaseapphosting.googleapis.com:enable [omitted]
[debug] [2026-05-22T15:01:35.923Z] Checked if tokens are valid: true, expires at: 1779465554213
[debug] [2026-05-22T15:01:35.924Z] Checked if tokens are valid: true, expires at: 1779465554213
[debug] [2026-05-22T15:01:35.924Z] Checked if tokens are valid: true, expires at: 1779465554213
[debug] [2026-05-22T15:01:35.924Z] Checked if tokens are valid: true, expires at: 1779465554213
[debug] [2026-05-22T15:01:35.924Z] Checked if tokens are valid: true, expires at: 1779465554213
[debug] [2026-05-22T15:01:35.924Z] Checked if tokens are valid: true, expires at: 1779465554213
[debug] [2026-05-22T15:01:35.924Z] Checked if tokens are valid: true, expires at: 1779465554213
[debug] [2026-05-22T15:01:35.924Z] Checked if tokens are valid: true, expires at: 1779465554213
[debug] [2026-05-22T15:01:35.925Z] Checked if tokens are valid: true, expires at: 1779465554213
[debug] [2026-05-22T15:01:35.925Z] Checked if tokens are valid: true, expires at: 1779465554213
[debug] [2026-05-22T15:01:35.925Z] Checked if tokens are valid: true, expires at: 1779465554213
[debug] [2026-05-22T15:01:35.925Z] Checked if tokens are valid: true, expires at: 1779465554213
[debug] [2026-05-22T15:01:35.925Z] >>> [apiv2][query] GET https://serviceusage.googleapis.com/v1/projects/pew-01-a9033/services/developerconnect.googleapis.com [none]
[debug] [2026-05-22T15:01:35.925Z] >>> [apiv2][(partial)header] GET https://serviceusage.googleapis.com/v1/projects/pew-01-a9033/services/developerconnect.googleapis.com  x-goog-user-project=pew-01-a9033
[debug] [2026-05-22T15:01:35.926Z] >>> [apiv2][query] GET https://serviceusage.googleapis.com/v1/projects/pew-01-a9033/services/cloudbuild.googleapis.com [none]
[debug] [2026-05-22T15:01:35.926Z] >>> [apiv2][(partial)header] GET https://serviceusage.googleapis.com/v1/projects/pew-01-a9033/services/cloudbuild.googleapis.com  x-goog-user-project=pew-01-a9033
[debug] [2026-05-22T15:01:35.926Z] >>> [apiv2][query] GET https://serviceusage.googleapis.com/v1/projects/pew-01-a9033/services/secretmanager.googleapis.com [none]
[debug] [2026-05-22T15:01:35.926Z] >>> [apiv2][(partial)header] GET https://serviceusage.googleapis.com/v1/projects/pew-01-a9033/services/secretmanager.googleapis.com  x-goog-user-project=pew-01-a9033
[debug] [2026-05-22T15:01:35.927Z] >>> [apiv2][query] GET https://serviceusage.googleapis.com/v1/projects/pew-01-a9033/services/run.googleapis.com [none]
[debug] [2026-05-22T15:01:35.927Z] >>> [apiv2][(partial)header] GET https://serviceusage.googleapis.com/v1/projects/pew-01-a9033/services/run.googleapis.com  x-goog-user-project=pew-01-a9033
[debug] [2026-05-22T15:01:35.927Z] >>> [apiv2][query] GET https://serviceusage.googleapis.com/v1/projects/pew-01-a9033/services/artifactregistry.googleapis.com [none]
[debug] [2026-05-22T15:01:35.928Z] >>> [apiv2][(partial)header] GET https://serviceusage.googleapis.com/v1/projects/pew-01-a9033/services/artifactregistry.googleapis.com  x-goog-user-project=pew-01-a9033
[debug] [2026-05-22T15:01:35.928Z] >>> [apiv2][query] GET https://serviceusage.googleapis.com/v1/projects/pew-01-a9033/services/iam.googleapis.com [none]
[debug] [2026-05-22T15:01:35.928Z] >>> [apiv2][(partial)header] GET https://serviceusage.googleapis.com/v1/projects/pew-01-a9033/services/iam.googleapis.com  x-goog-user-project=pew-01-a9033
[debug] [2026-05-22T15:01:37.748Z] <<< [apiv2][status] GET https://serviceusage.googleapis.com/v1/projects/pew-01-a9033/services/iam.googleapis.com 200
[debug] [2026-05-22T15:01:37.748Z] <<< [apiv2][body] GET https://serviceusage.googleapis.com/v1/projects/pew-01-a9033/services/iam.googleapis.com [omitted]
[debug] [2026-05-22T15:01:37.760Z] <<< [apiv2][status] GET https://serviceusage.googleapis.com/v1/projects/pew-01-a9033/services/run.googleapis.com 200
[debug] [2026-05-22T15:01:37.760Z] <<< [apiv2][body] GET https://serviceusage.googleapis.com/v1/projects/pew-01-a9033/services/run.googleapis.com [omitted]
[debug] [2026-05-22T15:01:37.767Z] <<< [apiv2][status] GET https://serviceusage.googleapis.com/v1/projects/pew-01-a9033/services/cloudbuild.googleapis.com 200
[debug] [2026-05-22T15:01:37.768Z] <<< [apiv2][body] GET https://serviceusage.googleapis.com/v1/projects/pew-01-a9033/services/cloudbuild.googleapis.com [omitted]
[debug] [2026-05-22T15:01:37.778Z] <<< [apiv2][status] GET https://serviceusage.googleapis.com/v1/projects/pew-01-a9033/services/secretmanager.googleapis.com 200
[debug] [2026-05-22T15:01:37.778Z] <<< [apiv2][body] GET https://serviceusage.googleapis.com/v1/projects/pew-01-a9033/services/secretmanager.googleapis.com [omitted]
[debug] [2026-05-22T15:01:37.835Z] <<< [apiv2][status] GET https://serviceusage.googleapis.com/v1/projects/pew-01-a9033/services/developerconnect.googleapis.com 200
[debug] [2026-05-22T15:01:37.836Z] <<< [apiv2][body] GET https://serviceusage.googleapis.com/v1/projects/pew-01-a9033/services/developerconnect.googleapis.com [omitted]
[debug] [2026-05-22T15:01:37.836Z] Checked if tokens are valid: true, expires at: 1779465554213
[debug] [2026-05-22T15:01:37.836Z] Checked if tokens are valid: true, expires at: 1779465554213
[debug] [2026-05-22T15:01:37.836Z] >>> [apiv2][query] POST https://serviceusage.googleapis.com/v1/projects/pew-01-a9033/services/developerconnect.googleapis.com:enable [none]
[debug] [2026-05-22T15:01:37.837Z] >>> [apiv2][(partial)header] POST https://serviceusage.googleapis.com/v1/projects/pew-01-a9033/services/developerconnect.googleapis.com:enable  x-goog-user-project=pew-01-a9033
[debug] [2026-05-22T15:01:37.880Z] <<< [apiv2][status] GET https://serviceusage.googleapis.com/v1/projects/pew-01-a9033/services/artifactregistry.googleapis.com 200
[debug] [2026-05-22T15:01:37.880Z] <<< [apiv2][body] GET https://serviceusage.googleapis.com/v1/projects/pew-01-a9033/services/artifactregistry.googleapis.com [omitted]
[debug] [2026-05-22T15:01:38.294Z] <<< [apiv2][status] POST https://serviceusage.googleapis.com/v1/projects/pew-01-a9033/services/developerconnect.googleapis.com:enable 200
[debug] [2026-05-22T15:01:38.294Z] <<< [apiv2][body] POST https://serviceusage.googleapis.com/v1/projects/pew-01-a9033/services/developerconnect.googleapis.com:enable [omitted]
[debug] [2026-05-22T15:01:48.308Z] Checked if tokens are valid: true, expires at: 1779465554213
[debug] [2026-05-22T15:01:48.308Z] Checked if tokens are valid: true, expires at: 1779465554213
[debug] [2026-05-22T15:01:48.308Z] >>> [apiv2][query] POST https://iam.googleapis.com/v1/projects/pew-01-a9033/serviceAccounts/firebase-app-hosting-compute@pew-01-a9033.iam.gserviceaccount.com:testIamPermissions [none]
[debug] [2026-05-22T15:01:48.308Z] >>> [apiv2][(partial)header] POST https://iam.googleapis.com/v1/projects/pew-01-a9033/serviceAccounts/firebase-app-hosting-compute@pew-01-a9033.iam.gserviceaccount.com:testIamPermissions  x-goog-user-project=pew-01-a9033
[debug] [2026-05-22T15:01:48.308Z] >>> [apiv2][body] POST https://iam.googleapis.com/v1/projects/pew-01-a9033/serviceAccounts/firebase-app-hosting-compute@pew-01-a9033.iam.gserviceaccount.com:testIamPermissions {"permissions":["iam.serviceAccounts.actAs"]}
[debug] [2026-05-22T15:01:49.916Z] <<< [apiv2][status] POST https://iam.googleapis.com/v1/projects/pew-01-a9033/serviceAccounts/firebase-app-hosting-compute@pew-01-a9033.iam.gserviceaccount.com:testIamPermissions 404
[debug] [2026-05-22T15:01:49.917Z] <<< [apiv2][body] POST https://iam.googleapis.com/v1/projects/pew-01-a9033/serviceAccounts/firebase-app-hosting-compute@pew-01-a9033.iam.gserviceaccount.com:testIamPermissions {"error":{"code":404,"message":"Unknown service account","status":"NOT_FOUND"}}
[debug] [2026-05-22T15:01:49.918Z] Checked if tokens are valid: true, expires at: 1779465554213
[debug] [2026-05-22T15:01:49.919Z] Checked if tokens are valid: true, expires at: 1779465554213
[debug] [2026-05-22T15:01:49.919Z] >>> [apiv2][query] POST https://iam.googleapis.com/v1/projects/pew-01-a9033/serviceAccounts [none]
[debug] [2026-05-22T15:01:49.919Z] >>> [apiv2][body] POST https://iam.googleapis.com/v1/projects/pew-01-a9033/serviceAccounts {"accountId":"firebase-app-hosting-compute","serviceAccount":{"displayName":"Firebase App Hosting compute service account","description":"Default service account used to run builds and deploys for Firebase App Hosting"}}
[debug] [2026-05-22T15:01:52.000Z] <<< [apiv2][status] POST https://iam.googleapis.com/v1/projects/pew-01-a9033/serviceAccounts 200
[debug] [2026-05-22T15:01:52.000Z] <<< [apiv2][body] POST https://iam.googleapis.com/v1/projects/pew-01-a9033/serviceAccounts [omitted]
[debug] [2026-05-22T15:01:52.001Z] Checked if tokens are valid: true, expires at: 1779465554213
[debug] [2026-05-22T15:01:52.001Z] Checked if tokens are valid: true, expires at: 1779465554213
[debug] [2026-05-22T15:01:52.001Z] >>> [apiv2][query] POST https://cloudresourcemanager.googleapis.com/v1/projects/pew-01-a9033:getIamPolicy [none]
[debug] [2026-05-22T15:01:53.844Z] <<< [apiv2][status] POST https://cloudresourcemanager.googleapis.com/v1/projects/pew-01-a9033:getIamPolicy 200
[debug] [2026-05-22T15:01:53.844Z] <<< [apiv2][body] POST https://cloudresourcemanager.googleapis.com/v1/projects/pew-01-a9033:getIamPolicy {"version":1,"etag":"BwZSaU2cd7M=","bindings":[{"role":"roles/artifactregistry.reader","members":["serviceAccount:ext-firestore-send-email@pew-01-a9033.iam.gserviceaccount.com"]},{"role":"roles/artifactregistry.serviceAgent","members":["serviceAccount:service-467533170764@gcp-sa-artifactregistry.iam.gserviceaccount.com"]},{"role":"roles/cloudbuild.builds.builder","members":["serviceAccount:467533170764@cloudbuild.gserviceaccount.com"]},{"role":"roles/cloudbuild.serviceAgent","members":["serviceAccount:service-467533170764@gcp-sa-cloudbuild.iam.gserviceaccount.com"]},{"role":"roles/cloudfunctions.admin","members":["serviceAccount:firebase-adminsdk-tn0ip@pew-01-a9033.iam.gserviceaccount.com"]},{"role":"roles/cloudfunctions.serviceAgent","members":["serviceAccount:service-467533170764@gcf-admin-robot.iam.gserviceaccount.com"]},{"role":"roles/compute.serviceAgent","members":["serviceAccount:service-467533170764@compute-system.iam.gserviceaccount.com"]},{"role":"roles/containerregistry.ServiceAgent","members":["serviceAccount:service-467533170764@containerregistry.iam.gserviceaccount.com"]},{"role":"roles/datastore.user","members":["serviceAccount:ext-firestore-send-email@pew-01-a9033.iam.gserviceaccount.com"]},{"role":"roles/editor","members":["serviceAccount:467533170764-compute@developer.gserviceaccount.com","serviceAccount:467533170764@cloudservices.gserviceaccount.com","serviceAccount:pew-01-a9033@appspot.gserviceaccount.com"]},{"role":"roles/eventarc.eventReceiver","members":["serviceAccount:467533170764-compute@developer.gserviceaccount.com"]},{"role":"roles/firebase.managementServiceAgent","members":["serviceAccount:firebase-service-account@firebase-sa-management.iam.gserviceaccount.com","serviceAccount:service-467533170764@gcp-sa-firebase.iam.gserviceaccount.com"]},{"role":"roles/firebase.sdkAdminServiceAgent","members":["serviceAccount:firebase-adminsdk-tn0ip@pew-01-a9033.iam.gserviceaccount.com"]},{"role":"roles/firebaseappcheck.admin","members":["serviceAccount:firebase-adminsdk-tn0ip@pew-01-a9033.iam.gserviceaccount.com"]},{"role":"roles/firebaseappcheck.serviceAgent","members":["serviceAccount:service-467533170764@gcp-sa-firebaseappcheck.iam.gserviceaccount.com"]},{"role":"roles/firebaseauth.admin","members":["serviceAccount:firebase-adminsdk-tn0ip@pew-01-a9033.iam.gserviceaccount.com"]},{"role":"roles/firebasemods.serviceAgent","members":["serviceAccount:service-467533170764@gcp-sa-firebasemods.iam.gserviceaccount.com"]},{"role":"roles/firebaserules.system","members":["serviceAccount:service-467533170764@firebase-rules.iam.gserviceaccount.com"]},{"role":"roles/firebasestorage.serviceAgent","members":["serviceAccount:service-467533170764@gcp-sa-firebasestorage.iam.gserviceaccount.com"]},{"role":"roles/firestore.serviceAgent","members":["serviceAccount:service-467533170764@gcp-sa-firestore.iam.gserviceaccount.com"]},{"role":"roles/iam.serviceAccountTokenCreator","members":["serviceAccount:firebase-adminsdk-tn0ip@pew-01-a9033.iam.gserviceaccount.com"]},{"role":"roles/owner","members":["user:nishant5800@gmail.com"]},{"role":"roles/run.serviceAgent","members":["serviceAccount:service-467533170764@serverless-robot-prod.iam.gserviceaccount.com"]},{"role":"roles/storage.admin","members":["serviceAccount:firebase-adminsdk-tn0ip@pew-01-a9033.iam.gserviceaccount.com"]}]}
[debug] [2026-05-22T15:01:53.845Z] Checked if tokens are valid: true, expires at: 1779465554213
[debug] [2026-05-22T15:01:53.845Z] Checked if tokens are valid: true, expires at: 1779465554213
[debug] [2026-05-22T15:01:53.845Z] >>> [apiv2][query] POST https://cloudresourcemanager.googleapis.com/v1/projects/pew-01-a9033:setIamPolicy [none]
[debug] [2026-05-22T15:01:53.845Z] >>> [apiv2][body] POST https://cloudresourcemanager.googleapis.com/v1/projects/pew-01-a9033:setIamPolicy {"policy":{"version":1,"etag":"BwZSaU2cd7M=","bindings":[{"role":"roles/artifactregistry.reader","members":["serviceAccount:ext-firestore-send-email@pew-01-a9033.iam.gserviceaccount.com"]},{"role":"roles/artifactregistry.serviceAgent","members":["serviceAccount:service-467533170764@gcp-sa-artifactregistry.iam.gserviceaccount.com"]},{"role":"roles/cloudbuild.builds.builder","members":["serviceAccount:467533170764@cloudbuild.gserviceaccount.com"]},{"role":"roles/cloudbuild.serviceAgent","members":["serviceAccount:service-467533170764@gcp-sa-cloudbuild.iam.gserviceaccount.com"]},{"role":"roles/cloudfunctions.admin","members":["serviceAccount:firebase-adminsdk-tn0ip@pew-01-a9033.iam.gserviceaccount.com"]},{"role":"roles/cloudfunctions.serviceAgent","members":["serviceAccount:service-467533170764@gcf-admin-robot.iam.gserviceaccount.com"]},{"role":"roles/compute.serviceAgent","members":["serviceAccount:service-467533170764@compute-system.iam.gserviceaccount.com"]},{"role":"roles/containerregistry.ServiceAgent","members":["serviceAccount:service-467533170764@containerregistry.iam.gserviceaccount.com"]},{"role":"roles/datastore.user","members":["serviceAccount:ext-firestore-send-email@pew-01-a9033.iam.gserviceaccount.com"]},{"role":"roles/editor","members":["serviceAccount:467533170764-compute@developer.gserviceaccount.com","serviceAccount:467533170764@cloudservices.gserviceaccount.com","serviceAccount:pew-01-a9033@appspot.gserviceaccount.com"]},{"role":"roles/eventarc.eventReceiver","members":["serviceAccount:467533170764-compute@developer.gserviceaccount.com"]},{"role":"roles/firebase.managementServiceAgent","members":["serviceAccount:firebase-service-account@firebase-sa-management.iam.gserviceaccount.com","serviceAccount:service-467533170764@gcp-sa-firebase.iam.gserviceaccount.com"]},{"role":"roles/firebase.sdkAdminServiceAgent","members":["serviceAccount:firebase-adminsdk-tn0ip@pew-01-a9033.iam.gserviceaccount.com","serviceAccount:firebase-app-hosting-compute@pew-01-a9033.iam.gserviceaccount.com"]},{"role":"roles/firebaseappcheck.admin","members":["serviceAccount:firebase-adminsdk-tn0ip@pew-01-a9033.iam.gserviceaccount.com"]},{"role":"roles/firebaseappcheck.serviceAgent","members":["serviceAccount:service-467533170764@gcp-sa-firebaseappcheck.iam.gserviceaccount.com"]},{"role":"roles/firebaseauth.admin","members":["serviceAccount:firebase-adminsdk-tn0ip@pew-01-a9033.iam.gserviceaccount.com"]},{"role":"roles/firebasemods.serviceAgent","members":["serviceAccount:service-467533170764@gcp-sa-firebasemods.iam.gserviceaccount.com"]},{"role":"roles/firebaserules.system","members":["serviceAccount:service-467533170764@firebase-rules.iam.gserviceaccount.com"]},{"role":"roles/firebasestorage.serviceAgent","members":["serviceAccount:service-467533170764@gcp-sa-firebasestorage.iam.gserviceaccount.com"]},{"role":"roles/firestore.serviceAgent","members":["serviceAccount:service-467533170764@gcp-sa-firestore.iam.gserviceaccount.com"]},{"role":"roles/iam.serviceAccountTokenCreator","members":["serviceAccount:firebase-adminsdk-tn0ip@pew-01-a9033.iam.gserviceaccount.com"]},{"role":"roles/owner","members":["user:nishant5800@gmail.com"]},{"role":"roles/run.serviceAgent","members":["serviceAccount:service-467533170764@serverless-robot-prod.iam.gserviceaccount.com"]},{"role":"roles/storage.admin","members":["serviceAccount:firebase-adminsdk-tn0ip@pew-01-a9033.iam.gserviceaccount.com"]},{"role":"roles/firebaseapphosting.computeRunner","members":["serviceAccount:firebase-app-hosting-compute@pew-01-a9033.iam.gserviceaccount.com"]},{"role":"roles/developerconnect.readTokenAccessor","members":["serviceAccount:firebase-app-hosting-compute@pew-01-a9033.iam.gserviceaccount.com"]},{"role":"roles/storage.objectViewer","members":["serviceAccount:firebase-app-hosting-compute@pew-01-a9033.iam.gserviceaccount.com"]}]},"updateMask":"bindings"}
[debug] [2026-05-22T15:01:55.007Z] <<< [apiv2][status] POST https://cloudresourcemanager.googleapis.com/v1/projects/pew-01-a9033:setIamPolicy 200
[debug] [2026-05-22T15:01:55.007Z] <<< [apiv2][body] POST https://cloudresourcemanager.googleapis.com/v1/projects/pew-01-a9033:setIamPolicy {"version":1,"etag":"BwZSaU8/LMo=","bindings":[{"role":"roles/artifactregistry.reader","members":["serviceAccount:ext-firestore-send-email@pew-01-a9033.iam.gserviceaccount.com"]},{"role":"roles/artifactregistry.serviceAgent","members":["serviceAccount:service-467533170764@gcp-sa-artifactregistry.iam.gserviceaccount.com"]},{"role":"roles/cloudbuild.builds.builder","members":["serviceAccount:467533170764@cloudbuild.gserviceaccount.com"]},{"role":"roles/cloudbuild.serviceAgent","members":["serviceAccount:service-467533170764@gcp-sa-cloudbuild.iam.gserviceaccount.com"]},{"role":"roles/cloudfunctions.admin","members":["serviceAccount:firebase-adminsdk-tn0ip@pew-01-a9033.iam.gserviceaccount.com"]},{"role":"roles/cloudfunctions.serviceAgent","members":["serviceAccount:service-467533170764@gcf-admin-robot.iam.gserviceaccount.com"]},{"role":"roles/compute.serviceAgent","members":["serviceAccount:service-467533170764@compute-system.iam.gserviceaccount.com"]},{"role":"roles/containerregistry.ServiceAgent","members":["serviceAccount:service-467533170764@containerregistry.iam.gserviceaccount.com"]},{"role":"roles/datastore.user","members":["serviceAccount:ext-firestore-send-email@pew-01-a9033.iam.gserviceaccount.com"]},{"role":"roles/developerconnect.readTokenAccessor","members":["serviceAccount:firebase-app-hosting-compute@pew-01-a9033.iam.gserviceaccount.com"]},{"role":"roles/editor","members":["serviceAccount:467533170764-compute@developer.gserviceaccount.com","serviceAccount:467533170764@cloudservices.gserviceaccount.com","serviceAccount:pew-01-a9033@appspot.gserviceaccount.com"]},{"role":"roles/eventarc.eventReceiver","members":["serviceAccount:467533170764-compute@developer.gserviceaccount.com"]},{"role":"roles/firebase.managementServiceAgent","members":["serviceAccount:firebase-service-account@firebase-sa-management.iam.gserviceaccount.com","serviceAccount:service-467533170764@gcp-sa-firebase.iam.gserviceaccount.com"]},{"role":"roles/firebase.sdkAdminServiceAgent","members":["serviceAccount:firebase-adminsdk-tn0ip@pew-01-a9033.iam.gserviceaccount.com","serviceAccount:firebase-app-hosting-compute@pew-01-a9033.iam.gserviceaccount.com"]},{"role":"roles/firebaseappcheck.admin","members":["serviceAccount:firebase-adminsdk-tn0ip@pew-01-a9033.iam.gserviceaccount.com"]},{"role":"roles/firebaseappcheck.serviceAgent","members":["serviceAccount:service-467533170764@gcp-sa-firebaseappcheck.iam.gserviceaccount.com"]},{"role":"roles/firebaseapphosting.computeRunner","members":["serviceAccount:firebase-app-hosting-compute@pew-01-a9033.iam.gserviceaccount.com"]},{"role":"roles/firebaseauth.admin","members":["serviceAccount:firebase-adminsdk-tn0ip@pew-01-a9033.iam.gserviceaccount.com"]},{"role":"roles/firebasemods.serviceAgent","members":["serviceAccount:service-467533170764@gcp-sa-firebasemods.iam.gserviceaccount.com"]},{"role":"roles/firebaserules.system","members":["serviceAccount:service-467533170764@firebase-rules.iam.gserviceaccount.com"]},{"role":"roles/firebasestorage.serviceAgent","members":["serviceAccount:service-467533170764@gcp-sa-firebasestorage.iam.gserviceaccount.com"]},{"role":"roles/firestore.serviceAgent","members":["serviceAccount:service-467533170764@gcp-sa-firestore.iam.gserviceaccount.com"]},{"role":"roles/iam.serviceAccountTokenCreator","members":["serviceAccount:firebase-adminsdk-tn0ip@pew-01-a9033.iam.gserviceaccount.com"]},{"role":"roles/owner","members":["user:nishant5800@gmail.com"]},{"role":"roles/run.serviceAgent","members":["serviceAccount:service-467533170764@serverless-robot-prod.iam.gserviceaccount.com"]},{"role":"roles/storage.admin","members":["serviceAccount:firebase-adminsdk-tn0ip@pew-01-a9033.iam.gserviceaccount.com"]},{"role":"roles/storage.objectViewer","members":["serviceAccount:firebase-app-hosting-compute@pew-01-a9033.iam.gserviceaccount.com"]}]}
[info] i  This command links your local project to Firebase App Hosting. You will be able to deploy your web app with `firebase deploy` after setup. 
[debug] [2026-05-22T15:02:00.703Z] Checked if tokens are valid: true, expires at: 1779465554213
[debug] [2026-05-22T15:02:00.703Z] Checked if tokens are valid: true, expires at: 1779465554213
[debug] [2026-05-22T15:02:00.703Z] >>> [apiv2][query] GET https://firebaseapphosting.googleapis.com/v1beta/projects/pew-01-a9033/locations/-/backends 
[debug] [2026-05-22T15:02:02.451Z] <<< [apiv2][status] GET https://firebaseapphosting.googleapis.com/v1beta/projects/pew-01-a9033/locations/-/backends 200
[debug] [2026-05-22T15:02:02.452Z] <<< [apiv2][body] GET https://firebaseapphosting.googleapis.com/v1beta/projects/pew-01-a9033/locations/-/backends {}
[debug] [2026-05-22T15:02:18.186Z] ExitPromptError: User force closed the prompt with SIGINT
    at Interface.sigint (/Users/nishantpaul/.nvm/versions/node/v24.10.0/lib/node_modules/firebase-tools/node_modules/@inquirer/core/dist/commonjs/lib/create-prompt.js:101:37)
    at Interface.emit (node:events:508:28)
    at [_ttyWrite] [as _ttyWrite] (node:internal/readline/interface:1317:18)
    at ReadStream.onkeypress (node:internal/readline/interface:284:20)
    at ReadStream.emit (node:events:520:35)
    at emitKeys (node:internal/readline/utils:371:14)
    at emitKeys.next (<anonymous>)
    at ReadStream.onData (node:internal/readline/emitKeypressEvents:64:36)
    at ReadStream.emit (node:events:508:28)
    at addChunk (node:internal/streams/readable:559:12)
[error] 
[error] Error: An unexpected error has occurred.
